#! /nix/store/kkw8yr8cbzn2rjwpll7qdqd2i24ngzzg-iverilog-12.0/bin/vvp
:ivl_version "12.0 (stable)";
:ivl_delay_selection "TYPICAL";
:vpi_time_precision + 0;
:vpi_module "/nix/store/kkw8yr8cbzn2rjwpll7qdqd2i24ngzzg-iverilog-12.0/lib/ivl/system.vpi";
:vpi_module "/nix/store/kkw8yr8cbzn2rjwpll7qdqd2i24ngzzg-iverilog-12.0/lib/ivl/vhdl_sys.vpi";
:vpi_module "/nix/store/kkw8yr8cbzn2rjwpll7qdqd2i24ngzzg-iverilog-12.0/lib/ivl/vhdl_textio.vpi";
:vpi_module "/nix/store/kkw8yr8cbzn2rjwpll7qdqd2i24ngzzg-iverilog-12.0/lib/ivl/v2005_math.vpi";
:vpi_module "/nix/store/kkw8yr8cbzn2rjwpll7qdqd2i24ngzzg-iverilog-12.0/lib/ivl/va_math.vpi";
S_0x708de0 .scope module, "uart_rx" "uart_rx" 2 1;
 .timescale 0 0;
    .port_info 0 /INPUT 1 "rx";
    .port_info 1 /INPUT 1 "s_tick";
    .port_info 2 /INPUT 1 "reset";
    .port_info 3 /INPUT 5 "oversampling";
    .port_info 4 /OUTPUT 8 "dout";
    .port_info 5 /OUTPUT 1 "rx_done";
P_0x708f70 .param/l "DATA" 1 2 11, C4<01>;
P_0x708fb0 .param/l "DATA_SIZE" 1 2 14, C4<1000>;
P_0x708ff0 .param/l "IDLE" 1 2 10, C4<00>;
P_0x709030 .param/l "STOP" 1 2 12, C4<10>;
v0x749ee0_0 .var "bit_position", 3 0;
v0x749fe0_0 .var "counter", 4 0;
v0x74a0c0_0 .var "dout", 7 0;
v0x74a180_0 .var "one_count", 3 0;
o0x7ffff79d6138 .functor BUFZ 5, C4<zzzzz>; HiZ drive
v0x74a260_0 .net "oversampling", 4 0, o0x7ffff79d6138;  0 drivers
o0x7ffff79d6168 .functor BUFZ 1, C4<z>; HiZ drive
v0x74a390_0 .net "reset", 0 0, o0x7ffff79d6168;  0 drivers
o0x7ffff79d6198 .functor BUFZ 1, C4<z>; HiZ drive
v0x74a450_0 .net "rx", 0 0, o0x7ffff79d6198;  0 drivers
v0x74a510_0 .var "rx_done", 0 0;
o0x7ffff79d61f8 .functor BUFZ 1, C4<z>; HiZ drive
v0x74a5d0_0 .net "s_tick", 0 0, o0x7ffff79d61f8;  0 drivers
v0x74a690_0 .var "state", 1 0;
v0x74a770_0 .var "zero_count", 3 0;
E_0x72f880 .event posedge, v0x74a5d0_0;
S_0x720da0 .scope task, "reset_rx" "reset_rx" 2 24, 2 24 0, S_0x708de0;
 .timescale 0 0;
v0x720fa0_0 .var "dout_reset", 0 0;
v0x749e20_0 .var "rx_done_bit", 0 0;
TD_uart_rx.reset_rx ;
    %load/vec4 v0x720fa0_0;
    %flag_set/vec4 8;
    %jmp/0xz  T_0.0, 8;
    %pushi/vec4 0, 0, 8;
    %assign/vec4 v0x74a0c0_0, 0;
T_0.0 ;
    %load/vec4 v0x749e20_0;
    %assign/vec4 v0x74a510_0, 0;
    %pushi/vec4 0, 0, 2;
    %assign/vec4 v0x74a690_0, 0;
    %pushi/vec4 0, 0, 5;
    %assign/vec4 v0x749fe0_0, 0;
    %pushi/vec4 0, 0, 4;
    %assign/vec4 v0x749ee0_0, 0;
    %pushi/vec4 0, 0, 4;
    %assign/vec4 v0x74a180_0, 0;
    %pushi/vec4 0, 0, 4;
    %assign/vec4 v0x74a770_0, 0;
    %end;
    .scope S_0x708de0;
T_1 ;
    %wait E_0x72f880;
    %load/vec4 v0x74a390_0;
    %flag_set/vec4 8;
    %jmp/0xz  T_1.0, 8;
    %pushi/vec4 0, 0, 1;
    %store/vec4 v0x749e20_0, 0, 1;
    %pushi/vec4 1, 0, 1;
    %store/vec4 v0x720fa0_0, 0, 1;
    %fork TD_uart_rx.reset_rx, S_0x720da0;
    %join;
    %jmp T_1.1;
T_1.0 ;
    %load/vec4 v0x74a690_0;
    %dup/vec4;
    %pushi/vec4 0, 0, 2;
    %cmp/u;
    %jmp/1 T_1.2, 6;
    %dup/vec4;
    %pushi/vec4 1, 0, 2;
    %cmp/u;
    %jmp/1 T_1.3, 6;
    %dup/vec4;
    %pushi/vec4 2, 0, 2;
    %cmp/u;
    %jmp/1 T_1.4, 6;
    %jmp T_1.5;
T_1.2 ;
    %load/vec4 v0x74a450_0;
    %pad/u 32;
    %cmpi/e 0, 0, 32;
    %flag_get/vec4 4;
    %jmp/0 T_1.8, 4;
    %load/vec4 v0x749fe0_0;
    %pad/u 32;
    %load/vec4 v0x74a260_0;
    %pad/u 32;
    %pushi/vec4 2, 0, 32;
    %div;
    %cmp/e;
    %flag_get/vec4 4;
    %and;
T_1.8;
    %flag_set/vec4 8;
    %jmp/0xz  T_1.6, 8;
    %vpi_call 2 46 "$display", "Transitioning" {0 0 0};
    %pushi/vec4 0, 0, 1;
    %assign/vec4 v0x74a510_0, 0;
    %pushi/vec4 0, 0, 8;
    %assign/vec4 v0x74a0c0_0, 0;
    %pushi/vec4 1, 0, 2;
    %assign/vec4 v0x74a690_0, 0;
    %pushi/vec4 0, 0, 5;
    %assign/vec4 v0x749fe0_0, 0;
    %pushi/vec4 0, 0, 4;
    %assign/vec4 v0x749ee0_0, 0;
    %jmp T_1.7;
T_1.6 ;
    %vpi_call 2 53 "$display", v0x749fe0_0 {0 0 0};
    %load/vec4 v0x749fe0_0;
    %pad/u 32;
    %addi 1, 0, 32;
    %load/vec4 v0x74a260_0;
    %pad/u 32;
    %mod;
    %pad/u 5;
    %assign/vec4 v0x749fe0_0, 0;
T_1.7 ;
    %jmp T_1.5;
T_1.3 ;
    %vpi_call 2 60 "$display", v0x749fe0_0 {0 0 0};
    %load/vec4 v0x749fe0_0;
    %pad/u 32;
    %load/vec4 v0x74a260_0;
    %pad/u 32;
    %subi 1, 0, 32;
    %cmp/e;
    %jmp/0xz  T_1.9, 4;
    %vpi_call 2 62 "$display", "Write trigger" {0 0 0};
    %load/vec4 v0x749ee0_0;
    %pad/u 32;
    %cmpi/e 7, 0, 32;
    %jmp/0xz  T_1.11, 4;
    %pushi/vec4 2, 0, 2;
    %assign/vec4 v0x74a690_0, 0;
T_1.11 ;
    %load/vec4 v0x74a0c0_0;
    %parti/s 7, 0, 2;
    %load/vec4 v0x74a770_0;
    %load/vec4 v0x74a180_0;
    %cmp/u;
    %flag_mov 8, 5;
    %jmp/0 T_1.13, 8;
    %pushi/vec4 1, 0, 1;
    %jmp/1 T_1.14, 8;
T_1.13 ; End of true expr.
    %pushi/vec4 0, 0, 1;
    %jmp/0 T_1.14, 8;
 ; End of false expr.
    %blend;
T_1.14;
    %concat/vec4; draw_concat_vec4
    %assign/vec4 v0x74a0c0_0, 0;
    %load/vec4 v0x749ee0_0;
    %addi 1, 0, 4;
    %assign/vec4 v0x749ee0_0, 0;
    %pushi/vec4 0, 0, 4;
    %assign/vec4 v0x74a770_0, 0;
    %pushi/vec4 0, 0, 4;
    %assign/vec4 v0x74a180_0, 0;
    %jmp T_1.10;
T_1.9 ;
    %load/vec4 v0x74a450_0;
    %flag_set/vec4 8;
    %jmp/0xz  T_1.15, 8;
    %load/vec4 v0x74a180_0;
    %addi 1, 0, 4;
    %assign/vec4 v0x74a180_0, 0;
    %jmp T_1.16;
T_1.15 ;
    %load/vec4 v0x74a770_0;
    %addi 1, 0, 4;
    %assign/vec4 v0x74a770_0, 0;
T_1.16 ;
T_1.10 ;
    %load/vec4 v0x749fe0_0;
    %pad/u 32;
    %addi 1, 0, 32;
    %load/vec4 v0x74a260_0;
    %pad/u 32;
    %mod;
    %pad/u 5;
    %assign/vec4 v0x749fe0_0, 0;
    %jmp T_1.5;
T_1.4 ;
    %load/vec4 v0x749fe0_0;
    %pad/u 32;
    %cmpi/e 0, 0, 32;
    %jmp/0xz  T_1.17, 4;
    %pushi/vec4 1, 0, 1;
    %store/vec4 v0x749e20_0, 0, 1;
    %pushi/vec4 0, 0, 1;
    %store/vec4 v0x720fa0_0, 0, 1;
    %fork TD_uart_rx.reset_rx, S_0x720da0;
    %join;
    %jmp T_1.18;
T_1.17 ;
    %load/vec4 v0x749fe0_0;
    %pad/u 32;
    %addi 1, 0, 32;
    %load/vec4 v0x74a260_0;
    %pad/u 32;
    %mod;
    %pad/u 5;
    %assign/vec4 v0x749fe0_0, 0;
T_1.18 ;
    %jmp T_1.5;
T_1.5 ;
    %pop/vec4 1;
T_1.1 ;
    %jmp T_1;
    .thread T_1;
# The file index is used to find the file name in the following table.
:file_names 3;
    "N/A";
    "<interactive>";
    "modules/uart_rx.v";
